\BOOKMARK [0][-]{chapter*.8}{Introducci\363n}{}% 1
\BOOKMARK [1][-]{section.1.1}{Motivaci\363nMotivacion1, Motivacion2, Motivacion3, Motivacion4, Motivacion5, Motivacion6, Motivacion7, Motivacion8, Motivacion9}{chapter*.8}% 2
\BOOKMARK [1][-]{section.1.2}{Diccionario de acr\363nimos}{chapter*.8}% 3
\BOOKMARK [1][-]{section.1.3}{Los retos en SinTime}{chapter*.8}% 4
\BOOKMARK [2][-]{subsection.1.3.1}{Seguimiento de maestro Jedi}{section.1.3}% 5
\BOOKMARK [2][-]{subsection.1.3.2}{Pruebas de nivel}{section.1.3}% 6
\BOOKMARK [2][-]{subsection.1.3.3}{Dominio de la fuerza}{section.1.3}% 7
\BOOKMARK [2][-]{subsection.1.3.4}{V\355veres}{section.1.3}% 8
\BOOKMARK [2][-]{subsection.1.3.5}{Audiencia ante el Senado Gal\341ctico}{section.1.3}% 9
\BOOKMARK [2][-]{subsection.1.3.6}{Viajes Interplanetarios}{section.1.3}% 10
\BOOKMARK [2][-]{subsection.1.3.7}{Retos de Felicidad}{section.1.3}% 11
\BOOKMARK [1][-]{section.1.4}{Organizaci\363n de secciones [Rol=Guidoogway]}{chapter*.8}% 12
\BOOKMARK [1][-]{section.1.5}{Funciones de cada secci\363n [Rol=Guidoogway]}{chapter*.8}% 13
\BOOKMARK [2][-]{subsection.1.5.1}{Dashboard}{section.1.5}% 14
\BOOKMARK [2][-]{subsection.1.5.2}{Distritos}{section.1.5}% 15
\BOOKMARK [2][-]{subsection.1.5.3}{Padawans}{section.1.5}% 16
\BOOKMARK [2][-]{subsection.1.5.4}{Entregas del usuario}{section.1.5}% 17
\BOOKMARK [2][-]{subsection.1.5.5}{Movimientos bancarios de un usuario}{section.1.5}% 18
\BOOKMARK [2][-]{subsection.1.5.6}{Subir de nivel a un usuario}{section.1.5}% 19
\BOOKMARK [2][-]{subsection.1.5.7}{Datos deportivos de un usuario}{section.1.5}% 20
\BOOKMARK [2][-]{subsection.1.5.8}{Vacaciones}{section.1.5}% 21
\BOOKMARK [2][-]{subsection.1.5.9}{Entregas}{section.1.5}% 22
\BOOKMARK [2][-]{subsection.1.5.10}{Cuestionarios}{section.1.5}% 23
\BOOKMARK [2][-]{subsection.1.5.11}{Comida}{section.1.5}% 24
\BOOKMARK [2][-]{subsection.1.5.12}{Agua}{section.1.5}% 25
\BOOKMARK [2][-]{subsection.1.5.13}{Retos deportivos}{section.1.5}% 26
\BOOKMARK [2][-]{subsection.1.5.14}{Retos de felicidad}{section.1.5}% 27
\BOOKMARK [2][-]{subsection.1.5.15}{Pruebas de nivel}{section.1.5}% 28
\BOOKMARK [2][-]{subsection.1.5.16}{Pruebas de audiencia}{section.1.5}% 29
\BOOKMARK [2][-]{subsection.1.5.17}{Calificaciones \(Badges\)}{section.1.5}% 30
\BOOKMARK [2][-]{subsection.1.5.18}{Constantes}{section.1.5}% 31
\BOOKMARK [2][-]{subsection.1.5.19}{Rangos}{section.1.5}% 32
\BOOKMARK [2][-]{subsection.1.5.20}{Crear Padawans}{section.1.5}% 33
\BOOKMARK [2][-]{subsection.1.5.21}{Cartas de privilegios}{section.1.5}% 34
\BOOKMARK [2][-]{subsection.1.5.22}{Apuestas}{section.1.5}% 35
\BOOKMARK [2][-]{subsection.1.5.23}{Minas}{section.1.5}% 36
\BOOKMARK [1][-]{section.1.6}{Organizaci\363n de secciones [Rol=Padawan]}{chapter*.8}% 37
\BOOKMARK [1][-]{section.1.7}{Funciones de cada secci\363n [Rol=Ciudadano]}{chapter*.8}% 38
\BOOKMARK [2][-]{subsection.1.7.1}{Todas las secciones}{section.1.7}% 39
\BOOKMARK [2][-]{subsection.1.7.2}{Home}{section.1.7}% 40
\BOOKMARK [2][-]{subsection.1.7.3}{Home / Trabajo / Jornada Laboral}{section.1.7}% 41
\BOOKMARK [1][-]{section.1.8}{Objetivos de un ciudadano \044inTime}{chapter*.8}% 42
\BOOKMARK [0][-]{chapter*.12}{Especificaci\363n de requisitos}{}% 43
\BOOKMARK [1][-]{section.2.1}{Introducci\363n}{chapter*.12}% 44
\BOOKMARK [1][-]{section.2.2}{Requisitos no funcionales}{chapter*.12}% 45
\BOOKMARK [2][-]{subsection.2.2.1}{RNF 1}{section.2.2}% 46
\BOOKMARK [2][-]{subsection.2.2.2}{RNF 2}{section.2.2}% 47
\BOOKMARK [2][-]{subsection.2.2.3}{RNF 3}{section.2.2}% 48
\BOOKMARK [2][-]{subsection.2.2.4}{RNF 4}{section.2.2}% 49
\BOOKMARK [2][-]{subsection.2.2.5}{RNF 5}{section.2.2}% 50
\BOOKMARK [1][-]{section.2.3}{Requisitos funcionales}{chapter*.12}% 51
